# 데이터베이스 성능 분석 및 최적화 보고서

## 서론
대용량 데이터에서 사용자 쿠폰 조회와 상품 랭킹 조회 기능에서 성능 병목 현상이 발생하고 있습니다. 또한 포인트 충전과 주문 처리 과정에서 동시성 이슈가 식별되었습니다. K6를 사용한 부하 테스트를 통해 현재 문제점을 분석하고 최적화 방안을 도출했습니다.

## 1. 조회 기능 리스트업

| 기능 | 테이블 | 조회 조건/패턴 | 병목 가능성 |
|------|-------|---------------|------------|
| 사용자 쿠폰 조회 | user_coupon | user_id + is_used 필터링 | 높음 - 복합 조건 인덱스 없음 |
| 인기 상품 랭킹 조회 | product_rank | rank 기준 상위 N개 조회 | 높음 - 상품 랭킹 계산 시 복잡한 집계 쿼리 필요 |
| 포인트 조회/충전 | point | user_id 기준 조회 | 중간 - 동시 충전 시 경쟁 상태 발생 |
| 주문 처리 | order, product_stock | 다중 테이블 트랜잭션 | 높음 - 재고 확인 및 포인트 차감 동시성 이슈 |

## 2. 병목 원인 분석

| 테이블 | 병목 원인 설명 |
|-------|--------------|
| user_coupon | user_id + is_used 조건에 인덱스가 없어 전체 테이블 스캔 발생 |
| product_rank | 상품 랭킹 계산 시 order_product_history 테이블 집계가 필요하며, product_id 인덱스 없음 |
| point | 동시 충전 발생 시 낙관적 락 부재로 충전 금액 불일치 가능성 |
| order, product_stock | 다수 주문의 동시 처리 시 재고 및 포인트 차감에 경쟁 상태 발생 |

## 3. EXPLAIN / ANALYZE 성능 비교

### 3.1 사용자 쿠폰 조회

| 실행 쿼리 예시 | type | key | rows | Extra | 실행 시간 |
|--------------|------|-----|------|-------|---------|
| `user_id = 5 AND is_used = 0` (인덱스 전) | ALL | NULL | 996,253 | Using where | 360ms |
| `user_id = 5 AND is_used = 0` (인덱스 후) | ref | idx_user_coupon_user_used | 73 | Using index | 8.77ms |

### 3.2 상품 랭킹 조회

| 실행 쿼리 예시 | type | key | rows | Extra | 실행 시간 |
|--------------|------|-----|------|-------|---------|
| `SELECT * FROM product_rank WHERE rank_date = CURDATE() ORDER BY rank LIMIT 10` (인덱스 전) | ALL | NULL | 100,000+ | Using filesort | 450ms |
| `SELECT * FROM product_rank WHERE rank_date = CURDATE() ORDER BY rank LIMIT 10` (인덱스 후) | range | idx_rank_date_rank | 10 | Using index | 5ms |

### 3.3 포인트 조회/충전

| 실행 쿼리 예시 | type | key | rows | Extra | 실행 시간 |
|--------------|------|-----|------|-------|---------|
| `SELECT * FROM point WHERE user_id = 123` (인덱스 전) | ALL | NULL | 1,000,000+ | Using where | 320ms |
| `SELECT * FROM point WHERE user_id = 123` (인덱스 후) | ref | idx_point_user_id | 1 | Using index | 0.5ms |

### 3.4 상세 EXPLAIN ANALYZE 결과

#### 사용자 쿠폰 조회 (인덱스 적용 전)
```
Filter: ((user_coupon_no_index.is_used = 0) and (user_coupon_no_index.user_id = 5))
(cost=101405 rows=9963) (actual time=27.7..360 rows=25 loops=1)
Table scan on user_coupon_no_index
(cost=101405 rows=996253) (actual time=2.58..292 rows=1e+6 loops=1)
```

#### 사용자 쿠폰 조회 (인덱스 적용 후)
```
Filter: (user_coupon_with_index.is_used = 0)
(cost=76.6 rows=36.5) (actual time=3.66..8.77 rows=22 loops=1)
Index lookup on user_coupon_with_index using idx_user_coupon_user_used (user_id=5)
(cost=76.6 rows=73) (actual time=3.65..8.74 rows=73 loops=1)
```

#### 상품 랭킹 조회 (인덱스 적용 전)
```
Filter: (product_rank_no_index.rank_date = CURDATE())
(cost=10887 rows=10000) (actual time=15.3..450 rows=100 loops=1)
Table scan on product_rank_no_index
(cost=10887 rows=100000) (actual time=0.817..387 rows=100000 loops=1)
Filesort: (rank)
```

#### 상품 랭킹 조회 (인덱스 적용 후)
```
Index range scan on product_rank_with_index using idx_rank_date_rank over (rank_date = CURDATE())
(cost=4.28 rows=100) (actual time=0.358..5.01 rows=100 loops=1)
```

## 4. K6 성능 테스트 결과

### 4.1 사용자 쿠폰 조회

```

| 측정 항목 | 인덱스 적용 전 | 인덱스 적용 후 | 개선율 |
|---------|--------------|--------------|-------|
| 응답 시간 (p95) | 520ms | 25ms | 95.2% |
| 처리량 (RPS) | 94 | 3,200 | 3,300% |
| 오류율 | 8% | 0% | 100% |

### 4.2 상품 랭킹 조회

```

| 측정 항목 | 인덱스 적용 전 | 인덱스 적용 후 | 개선율 |
|---------|--------------|--------------|-------|
| 응답 시간 (p95) | 620ms | 15ms | 97.6% |
| 처리량 (RPS) | 102 | 4,500 | 4,311% |
| 오류율 | 12% | 0% | 100% |


## 5. 최적화 권장 사항

### 5.1 인덱스 최적화

| 테이블 | 추천 인덱스 | 목적 | SQL 명령 |
|-------|------------|------|---------|
| user_coupon | CREATE INDEX idx_user_coupon_user_used ON user_coupon(user_id, is_used) | 사용자별 쿠폰 상태 조회 | `CREATE INDEX idx_user_coupon_user_used ON user_coupon(user_id, is_used);` |
| product_rank | CREATE INDEX idx_rank_date_rank ON product_rank(rank_date, `rank`) | 일자별 상품 랭킹 조회 | `CREATE INDEX idx_rank_date_rank ON product_rank(rank_date, \`rank\`);` |
| order_product_history | CREATE INDEX idx_oph_product_date ON order_product_history(product_id, create_date_time) | 상품별 주문 이력 집계 | `CREATE INDEX idx_oph_product_date ON order_product_history(product_id, create_date_time);` |
| point | CREATE INDEX idx_point_user_id ON point(user_id) | 사용자별 포인트 조회 | `CREATE INDEX idx_point_user_id ON point(user_id);` |
| product_stock | CREATE INDEX idx_product_stock_product_id ON product_stock(product_id) | 제품별 재고 조회 | `CREATE INDEX idx_product_stock_product_id ON product_stock(product_id);` |

### 5.2 쿼리 최적화

상품 랭킹 계산 쿼리 최적화:

```sql
-- 기존 쿼리 (최적화 전)
INSERT INTO product_rank (product_id, rank_date, `rank`)
SELECT 
    product_id, 
    CURDATE(),
    (@row_number:=@row_number+1) as `rank`
FROM (
    SELECT 
        product_id, 
        SUM(quantity) as total_quantity
    FROM order_product_history
    WHERE create_date_time >= DATE_SUB(CURDATE(), INTERVAL 3 DAY)
    GROUP BY product_id
    ORDER BY total_quantity DESC
) ranked_products,
(SELECT @row_number:=0) r;

-- 최적화 쿼리 (임시 테이블 활용)
CREATE TEMPORARY TABLE temp_product_ranks AS
SELECT 
    product_id, 
    SUM(quantity) as total_quantity
FROM order_product_history
FORCE INDEX (idx_oph_product_date)
WHERE create_date_time >= DATE_SUB(CURDATE(), INTERVAL 3 DAY)
GROUP BY product_id
ORDER BY total_quantity DESC;

-- 임시 테이블에서 product_rank 테이블로 삽입
INSERT INTO product_rank (product_id, rank_date, `rank`)
SELECT 
    product_id, 
    CURDATE(),
    ROW_NUMBER() OVER (ORDER BY total_quantity DESC) as `rank`
FROM temp_product_ranks;
```

## 6. 동시성 이슈

### 6.1 포인트 충전 동시성 문제

**문제점**: 동일한 사용자에 대한 동시 포인트 충전 시 경쟁 상태로 인한 금액 불일치 발생


### 6.2 주문 처리 동시성 문제

**문제점**: 동시 주문 처리 시 재고 부족 상태에서 주문 성공 또는 포인트 차감 불일치 발생


### 6.3 사용자 쿠폰 발급 동시성 문제

**문제점**: 한정 수량 쿠폰 발급 시 동시 요청으로 초과 발급될 가능성


## 7. 향후 개선 방향

1. **캐싱 도입**: 
   - 상품 랭킹 데이터를 Redis에 캐싱하여 빈번한 DB 접근 감소
   - 사용자별 쿠폰 목록에 대한 캐싱 도입

2. **테이블 파티셔닝**:
   - 주문 이력 테이블과 포인트 이력 테이블을 날짜 기준으로 파티셔닝
   - 대용량 데이터의 효율적 관리 및 검색 성능 향상

3. **비동기 처리**:
   - 포인트 이력, 주문 이력 생성은 비동기로 처리하여 응답 시간 개선
   - 이벤트 기반 아키텍처로 전환하여 시스템 결합도 낮추기

4. **통계 테이블 분리**:
   - 상품 판매 통계를 위한 별도 테이블 구성(product_sales_stat)
   - 빠른 통계 조회를 위한 집계 데이터 유지

5. **분산 락 적용**:
   - Redis 기반 분산 락을 도입하여 MSA 환경에서의 동시성 제어
   - 단일 DB 트랜잭션 방식의 한계 극복

### 추가 고려 중인 구조

**재고 관리 분리**: 현재 products 테이블에 재고 필드가 포함되어 있으나, 재고 정보는 실시간 수정이 빈번하고 동시성 이슈가 발생하기 쉬운 영역입니다. 다음과 같은 리팩토링을 고